1564304772607	geckodriver	INFO	geckodriver 0.20.1
1564304772618	geckodriver	INFO	Listening on 127.0.0.1:63743
1564304775689	mozrunner::runner	INFO	Running command: "D:\\firefox\\firefox.exe" "-marionette" "-profile" "C:\\Users\\13764\\AppData\\Local\\Temp\\rust_mozprofile.Tux67vnaNOt5"
[GFX1]: Potential driver version mismatch ignored due to missing DLLs igd10umd64 v= and igd10iumd64.dll v=0.0.0.0
1564304778356	Marionette	INFO	Listening on port 63756
1564304778825	Marionette	WARN	TLS certificate errors will be ignored for this session
1564304779583	Marionette	INFO	New connections will no longer be accepted
1564304780301	Marionette	INFO	Ceased listening
undefined
JavaScript error: resource://gre/components/nsUrlClassifierListManager.js, line 287: NS_ERROR_NOT_INITIALIZED: Component returned failure code: 0xc1f30001 (NS_ERROR_NOT_INITIALIZED) [nsIUrlClassifierDBService.getTables]
JavaScript error: resource://gre/components/nsUrlClassifierListManager.js, line 287: NS_ERROR_NOT_INITIALIZED: Component returned failure code: 0xc1f30001 (NS_ERROR_NOT_INITIALIZED) [nsIUrlClassifierDBService.getTables]
1564304763284	Marionette	INFO	Ceased listening
r.js, line 2955: NS_ERROR_ILLEGAL_VALUE: Component returned failure code: 0x80070057 (NS_ERROR_ILLEGAL_VALUE) [inIDeepTreeWalker.parentNode]
JavaScript error: resource://gre/modules/commonjs/toolkit/loader.js -> resource://devtools/server/actors/inspector.js, line 2955: NS_ERROR_ILLEGAL_VALUE: Component returned failure code: 0x80070057 (NS_ERROR_ILLEGAL_VALUE) [inIDeepTreeWalker.parentNode]
JavaScript error: resource://gre/modules/commonjs/toolkit/loader.js -> resource://devtools/server/actors/inspector.js, line 2955: NS_ERROR_ILLEGAL_VALUE: Component returned failure code: 0x80070057 (NS_ERROR_ILLEGAL_VALUE) [inIDeepTreeWalker.parentNode]
JavaScript error: resource://gre/modules/commonjs/toolkit/loader.js -> resource://devtools/server/actors/inspector.js, line 2955: NS_ERROR_ILLEGAL_VALUE: Component returned failure code: 0x80070057 (NS_ERROR_ILLEGAL_VALUE) [inIDeepTreeWalker.parentNode]
JavaScript error: resource://gre/modules/commonjs/toolkit/loader.js -> resource://devtools/server/actors/inspector.js, line 2955: NS_ERROR_ILLEGAL_VALUE: Component returned failure code: 0x80070057 (NS_ERROR_ILLEGAL_VALUE) [inIDeepTreeWalker.parentNode]
JavaScript error: resource://gre/modules/commonjs/toolkit/loader.js -> resource://devtools/server/actors/inspector.js, line 2955: NS_ERROR_ILLEGAL_VALUE: Component returned failure code: 0x80070057 (NS_ERROR_ILLEGAL_VALUE) [inIDeepTreeWalker.parentNode]
JavaScript error: resource://gre/modules/commonjs/toolkit/loader.js -> resource://devtools/server/actors/inspector.js, line 2955: NS_ERROR_ILLEGAL_VALUE: Component returned failure code: 0x80070057 (NS_ERROR_ILLEGAL_VALUE) [inIDeepTreeWalker.parentNode]
JavaScript error: resource://gre/modules/commonjs/toolkit/loader.js -> resource://devtools/server/actors/inspector.js, line 2955: NS_ERROR_ILLEGAL_VALUE: Component returned failure code: 0x80070057 (NS_ERROR_ILLEGAL_VALUE) [inIDeepTreeWalker.parentNode]
JavaScript error: resource://gre/modules/commonjs/toolkit/loader.js -> resource://devtools/server/actors/inspector.js, line 2955: NS_ERROR_ILLEGAL_VALUE: Component returned failure code: 0x80070057 (NS_ERROR_ILLEGAL_VALUE) [inIDeepTreeWalker.parentNode]
JavaScript error: resource://gre/modules/commonjs/toolkit/loader.js -> resource://devtools/server/actors/inspector.js, line 2955: NS_ERROR_ILLEGAL_VALUE: Component returned failure code: 0x80070057 (NS_ERROR_ILLEGAL_VALUE) [inIDeepTreeWalker.parentNode]
JavaScript error: resource://gre/modules/commonjs/toolkit/loader.js -> resource://devtools/server/actors/inspector.js, line 2955: NS_ERROR_ILLEGAL_VALUE: Component returned failure code: 0x80070057 (NS_ERROR_ILLEGAL_VALUE) [inIDeepTreeWalker.parentNode]
JavaScript error: resource://gre/modules/commonjs/toolkit/loader.js -> resource://devtools/server/actors/inspector.js, line 2955: NS_ERROR_ILLEGAL_VALUE: Component returned failure code: 0x80070057 (NS_ERROR_ILLEGAL_VALUE) [inIDeepTreeWalker.parentNode]
JavaScript error: resource://gre/modules/commonjs/toolkit/loader.js -> resource://devtools/server/actors/inspector.js, line 2955: NS_ERROR_ILLEGAL_VALUE: Component returned failure code: 0x80070057 (NS_ERROR_ILLEGAL_VALUE) [inIDeepTreeWalker.parentNode]
JavaScript error: resource://gre/modules/commonjs/toolkit/loader.js -> resource://devtools/server/actors/inspector.js, line 2955: NS_ERROR_ILLEGAL_VALUE: Component returned failure code: 0x80070057 (NS_ERROR_ILLEGAL_VALUE) [inIDeepTreeWalker.parentNode]
JavaScript error: resource://gre/modules/commonjs/toolkit/loader.js -> resource://devtools/server/actors/inspector.js, line 2955: NS_ERROR_ILLEGAL_VALUE: Component returned failure code: 0x80070057 (NS_ERROR_ILLEGAL_VALUE) [inIDeepTreeWalker.parentNode]
JavaScript error: resource://gre/modules/commonjs/toolkit/loader.js -> resource://devtools/server/actors/inspector.js, line 2955: NS_ERROR_ILLEGAL_VALUE: Component returned failure code: 0x80070057 (NS_ERROR_ILLEGAL_VALUE) [inIDeepTreeWalker.parentNode]
JavaScript error: resource://gre/modules/commonjs/toolkit/loader.js -> resource://devtools/server/actors/inspector.js, line 2955: NS_ERROR_ILLEGAL_VALUE: Component returned failure code: 0x80070057 (NS_ERROR_ILLEGAL_VALUE) [inIDeepTreeWalker.parentNode]
JavaScript error: resource://gre/modules/commonjs/toolkit/loader.js -> resource://devtools/server/actors/inspector.js, line 2955: NS_ERROR_ILLEGAL_VALUE: Component returned failure code: 0x80070057 (NS_ERROR_ILLEGAL_VALUE) [inIDeepTreeWalker.parentNode]
JavaScript error: resource://gre/modules/commonjs/toolkit/loader.js -> resource://devtools/server/actors/inspector.js, line 2955: NS_ERROR_ILLEGAL_VALUE: Component returned failure code: 0x80070057 (NS_ERROR_ILLEGAL_VALUE) [inIDeepTreeWalker.parentNode]
JavaScript error: resource://gre/modules/commonjs/toolkit/loader.js -> resource://devtools/server/actors/inspector.js, line 2955: NS_ERROR_ILLEGAL_VALUE: Component returned failure code: 0x80070057 (NS_ERROR_ILLEGAL_VALUE) [inIDeepTreeWalker.parentNode]
JavaScript error: resource://gre/modules/commonjs/toolkit/loader.js -> resource://devtools/server/actors/inspector.js, line 2955: NS_ERROR_ILLEGAL_VALUE: Component returned failure code: 0x80070057 (NS_ERROR_ILLEGAL_VALUE) [inIDeepTreeWalker.parentNode]
JavaScript error: resource://gre/modules/commonjs/toolkit/loader.js -> resource://devtools/server/actors/inspector.js, line 2955: NS_ERROR_ILLEGAL_VALUE: Component returned failure code: 0x80070057 (NS_ERROR_ILLEGAL_VALUE) [inIDeepTreeWalker.parentNode]
JavaScript error: resource://gre/modules/commonjs/toolkit/loader.js -> resource://devtools/server/actors/inspector.js, line 2955: NS_ERROR_ILLEGAL_VALUE: Component returned failure code: 0x80070057 (NS_ERROR_ILLEGAL_VALUE) [inIDeepTreeWalker.parentNode]
JavaScript error: resource://gre/modules/commonjs/toolkit/loader.js -> resource://devtools/server/actors/inspector.js, line 2955: NS_ERROR_ILLEGAL_VALUE: Component returned failure code: 0x80070057 (NS_ERROR_ILLEGAL_VALUE) [inIDeepTreeWalker.parentNode]
JavaScript error: resource://gre/modules/commonjs/toolkit/loader.js -> resource://devtools/server/actors/inspector.js, line 2955: NS_ERROR_ILLEGAL_VALUE: Component returned failure code: 0x80070057 (NS_ERROR_ILLEGAL_VALUE) [inIDeepTreeWalker.parentNode]
JavaScript error: resource://gre/modules/commonjs/toolkit/loader.js -> resource://devtools/server/actors/inspector.js, line 2955: NS_ERROR_ILLEGAL_VALUE: Component returned failure code: 0x80070057 (NS_ERROR_ILLEGAL_VALUE) [inIDeepTreeWalker.parentNode]
JavaScript error: resource://gre/modules/commonjs/toolkit/loader.js -> resource://devtools/server/actors/inspector.js, line 2955: NS_ERROR_ILLEGAL_VALUE: Component returned failure code: 0x80070057 (NS_ERROR_ILLEGAL_VALUE) [inIDeepTreeWalker.parentNode]
JavaScript error: resource://gre/modules/commonjs/toolkit/loader.js -> resource://devtools/server/actors/inspector.js, line 2955: NS_ERROR_ILLEGAL_VALUE: Component returned failure code: 0x80070057 (NS_ERROR_ILLEGAL_VALUE) [inIDeepTreeWalker.parentNode]
JavaScript error: resource://gre/modules/commonjs/toolkit/loader.js -> resource://devtools/server/actors/inspector.js, line 2955: NS_ERROR_ILLEGAL_VALUE: Component returned failure code: 0x80070057 (NS_ERROR_ILLEGAL_VALUE) [inIDeepTreeWalker.parentNode]
JavaScript error: resource://gre/modules/commonjs/toolkit/loader.js -> resource://devtools/server/actors/inspector.js, line 2955: NS_ERROR_ILLEGAL_VALUE: Component returned failure code: 0x80070057 (NS_ERROR_ILLEGAL_VALUE) [inIDeepTreeWalker.parentNode]
JavaScript error: resource://gre/modules/commonjs/toolkit/loader.js -> resource://devtools/server/actors/inspector.js, line 2955: NS_ERROR_ILLEGAL_VALUE: Component returned failure code: 0x80070057 (NS_ERROR_ILLEGAL_VALUE) [inIDeepTreeWalker.parentNode]
JavaScript error: resource://gre/modules/commonjs/toolkit/loader.js -> resource://devtools/server/actors/inspector.js, line 2955: NS_ERROR_ILLEGAL_VALUE: Component returned failure code: 0x80070057 (NS_ERROR_ILLEGAL_VALUE) [inIDeepTreeWalker.parentNode]
JavaScript error: resource://gre/modules/commonjs/toolkit/loader.js -> resource://devtools/server/actors/inspector.js, line 2955: NS_ERROR_ILLEGAL_VALUE: Component returned failure code: 0x80070057 (NS_ERROR_ILLEGAL_VALUE) [inIDeepTreeWalker.parentNode]
JavaScript error: resource://gre/modules/commonjs/toolkit/loader.js -> resource://devtools/server/actors/inspector.js, line 2955: NS_ERROR_ILLEGAL_VALUE: Component returned failure code: 0x80070057 (NS_ERROR_ILLEGAL_VALUE) [inIDeepTreeWalker.parentNode]
JavaScript error: resource://gre/modules/commonjs/toolkit/loader.js -> resource://devtools/server/actors/inspector.js, line 2955: NS_ERROR_ILLEGAL_VALUE: Component returned failure code: 0x80070057 (NS_ERROR_ILLEGAL_VALUE) [inIDeepTreeWalker.parentNode]
JavaScript error: resource://gre/modules/commonjs/toolkit/loader.js -> resource://devtools/server/actors/inspector.js, line 2955: NS_ERROR_ILLEGAL_VALUE: Component returned failure code: 0x80070057 (NS_ERROR_ILLEGAL_VALUE) [inIDeepTreeWalker.parentNode]
JavaScript error: resource://gre/modules/commonjs/toolkit/loader.js -> resource://devtools/server/actors/inspector.js, line 2955: NS_ERROR_ILLEGAL_VALUE: Component returned failure code: 0x80070057 (NS_ERROR_ILLEGAL_VALUE) [inIDeepTreeWalker.parentNode]
JavaScript error: resource://gre/modules/commonjs/toolkit/loader.js -> resource://devtools/server/actors/inspector.js, line 2955: NS_ERROR_ILLEGAL_VALUE: Component returned failure code: 0x80070057 (NS_ERROR_ILLEGAL_VALUE) [inIDeepTreeWalker.parentNode]
JavaScript error: resource://gre/modules/commonjs/toolkit/loader.js -> resource://devtools/server/actors/inspector.js, line 2955: NS_ERROR_ILLEGAL_VALUE: Component returned failure code: 0x80070057 (NS_ERROR_ILLEGAL_VALUE) [inIDeepTreeWalker.parentNode]
JavaScript error: resource://gre/modules/commonjs/toolkit/loader.js -> resource://devtools/server/actors/inspector.js, line 2955: NS_ERROR_ILLEGAL_VALUE: Component returned failure code: 0x80070057 (NS_ERROR_ILLEGAL_VALUE) [inIDeepTreeWalker.parentNode]
JavaScript error: resource://gre/modules/commonjs/toolkit/loader.js -> resource://devtools/server/actors/inspector.js, line 2955: NS_ERROR_ILLEGAL_VALUE: Component returned failure code: 0x80070057 (NS_ERROR_ILLEGAL_VALUE) [inIDeepTreeWalker.parentNode]
JavaScript error: resource://gre/modules/commonjs/toolkit/loader.js -> resource://devtools/server/actors/inspector.js, line 2955: NS_ERROR_ILLEGAL_VALUE: Component returned failure code: 0x80070057 (NS_ERROR_ILLEGAL_VALUE) [inIDeepTreeWalker.parentNode]
JavaScript error: resource://gre/modules/commonjs/toolkit/loader.js -> resource://devtools/server/actors/inspector.js, line 2955: NS_ERROR_ILLEGAL_VALUE: Component returned failure code: 0x80070057 (NS_ERROR_ILLEGAL_VALUE) [inIDeepTreeWalker.parentNode]
JavaScript error: resource://gre/modules/commonjs/toolkit/loader.js -> resource://devtools/server/actors/inspector.js, line 2955: NS_ERROR_ILLEGAL_VALUE: Component returned failure code: 0x80070057 (NS_ERROR_ILLEGAL_VALUE) [inIDeepTreeWalker.parentNode]
JavaScript error: resource://gre/modules/commonjs/toolkit/loader.js -> resource://devtools/server/actors/inspector.js, line 2955: NS_ERROR_ILLEGAL_VALUE: Component returned failure code: 0x80070057 (NS_ERROR_ILLEGAL_VALUE) [inIDeepTreeWalker.parentNode]
JavaScript error: resource://gre/modules/commonjs/toolkit/loader.js -> resource://devtools/server/actors/inspector.js, line 2955: NS_ERROR_ILLEGAL_VALUE: Component returned failure code: 0x80070057 (NS_ERROR_ILLEGAL_VALUE) [inIDeepTreeWalker.parentNode]
JavaScript error: resource://gre/modules/commonjs/toolkit/loader.js -> resource://devtools/server/actors/inspector.js, line 2955: NS_ERROR_ILLEGAL_VALUE: Component returned failure code: 0x80070057 (NS_ERROR_ILLEGAL_VALUE) [inIDeepTreeWalker.parentNode]
JavaScript error: resource://gre/modules/commonjs/toolkit/loader.js -> resource://devtools/server/actors/inspector.js, line 2955: NS_ERROR_ILLEGAL_VALUE: Component returned failure code: 0x80070057 (NS_ERROR_ILLEGAL_VALUE) [inIDeepTreeWalker.parentNode]
JavaScript error: resource://gre/modules/commonjs/toolkit/loader.js -> resource://devtools/server/actors/inspector.js, line 2955: NS_ERROR_ILLEGAL_VALUE: Component returned failure code: 0x80070057 (NS_ERROR_ILLEGAL_VALUE) [inIDeepTreeWalker.parentNode]
JavaScript error: resource://gre/modules/commonjs/toolkit/loader.js -> resource://devtools/server/actors/inspector.js, line 2955: NS_ERROR_ILLEGAL_VALUE: Component returned failure code: 0x80070057 (NS_ERROR_ILLEGAL_VALUE) [inIDeepTreeWalker.parentNode]
JavaScript error: resource://gre/modules/commonjs/toolkit/loader.js -> resource://devtools/server/actors/inspector.js, line 2955: NS_ERROR_ILLEGAL_VALUE: Component returned failure code: 0x80070057 (NS_ERROR_ILLEGAL_VALUE) [inIDeepTreeWalker.parentNode]
JavaScript error: resource://gre/modules/commonjs/toolkit/loader.js -> resource://devtools/server/actors/inspector.js, line 2955: NS_ERROR_ILLEGAL_VALUE: Component returned failure code: 0x80070057 (NS_ERROR_ILLEGAL_VALUE) [inIDeepTreeWalker.parentNode]
JavaScript error: resource://gre/modules/commonjs/toolkit/loader.js -> resource://devtools/server/actors/inspector.js, line 2955: NS_ERROR_ILLEGAL_VALUE: Component returned failure code: 0x80070057 (NS_ERROR_ILLEGAL_VALUE) [inIDeepTreeWalker.parentNode]
JavaScript error: resource://gre/modules/commonjs/toolkit/loader.js -> resource://devtools/server/actors/inspector.js, line 2955: NS_ERROR_ILLEGAL_VALUE: Component returned failure code: 0x80070057 (NS_ERROR_ILLEGAL_VALUE) [inIDeepTreeWalker.parentNode]
JavaScript error: resource://gre/modules/commonjs/toolkit/loader.js -> resource://devtools/server/actors/inspector.js, line 2955: NS_ERROR_ILLEGAL_VALUE: Component returned failure code: 0x80070057 (NS_ERROR_ILLEGAL_VALUE) [inIDeepTreeWalker.parentNode]
JavaScript error: resource://gre/modules/commonjs/toolkit/loader.js -> resource://devtools/server/actors/inspector.js, line 2955: NS_ERROR_ILLEGAL_VALUE: Component returned failure code: 0x80070057 (NS_ERROR_ILLEGAL_VALUE) [inIDeepTreeWalker.parentNode]
JavaScript error: resource://gre/modules/commonjs/toolkit/loader.js -> resource://devtools/server/actors/inspector.js, line 2955: NS_ERROR_ILLEGAL_VALUE: Component returned failure code: 0x80070057 (NS_ERROR_ILLEGAL_VALUE) [inIDeepTreeWalker.parentNode]
JavaScript error: resource://gre/modules/commonjs/toolkit/loader.js -> resource://devtools/server/actors/inspector.js, line 2955: NS_ERROR_ILLEGAL_VALUE: Component returned failure code: 0x80070057 (NS_ERROR_ILLEGAL_VALUE) [inIDeepTreeWalker.parentNode]
JavaScript error: resource://gre/modules/commonjs/toolkit/loader.js -> resource://devtools/server/actors/inspector.js, line 2955: NS_ERROR_ILLEGAL_VALUE: Component returned failure code: 0x80070057 (NS_ERROR_ILLEGAL_VALUE) [inIDeepTreeWalker.parentNode]
JavaScript error: resource://gre/modules/commonjs/toolkit/loader.js -> resource://devtools/server/actors/inspector.js, line 2955: NS_ERROR_ILLEGAL_VALUE: Component returned failure code: 0x80070057 (NS_ERROR_ILLEGAL_VALUE) [inIDeepTreeWalker.parentNode]
JavaScript error: resource://gre/modules/commonjs/toolkit/loader.js -> resource://devtools/server/actors/inspector.js, line 2955: NS_ERROR_ILLEGAL_VALUE: Component returned failure code: 0x80070057 (NS_ERROR_ILLEGAL_VALUE) [inIDeepTreeWalker.parentNode]
JavaScript error: resource://gre/modules/commonjs/toolkit/loader.js -> resource://devtools/server/actors/inspector.js, line 2955: NS_ERROR_ILLEGAL_VALUE: Component returned failure code: 0x80070057 (NS_ERROR_ILLEGAL_VALUE) [inIDeepTreeWalker.parentNode]
JavaScript error: resource://gre/modules/commonjs/toolkit/loader.js -> resource://devtools/server/actors/inspector.js, line 2955: NS_ERROR_ILLEGAL_VALUE: Component returned failure code: 0x80070057 (NS_ERROR_ILLEGAL_VALUE) [inIDeepTreeWalker.parentNode]
JavaScript error: resource://gre/modules/commonjs/toolkit/loader.js -> resource://devtools/server/actors/inspector.js, line 2955: NS_ERROR_ILLEGAL_VALUE: Component returned failure code: 0x80070057 (NS_ERROR_ILLEGAL_VALUE) [inIDeepTreeWalker.parentNode]
JavaScript error: resource://gre/modules/commonjs/toolkit/loader.js -> resource://devtools/server/actors/inspector.js, line 2955: NS_ERROR_ILLEGAL_VALUE: Component returned failure code: 0x80070057 (NS_ERROR_ILLEGAL_VALUE) [inIDeepTreeWalker.parentNode]
JavaScript error: resource://gre/modules/commonjs/toolkit/loader.js -> resource://devtools/server/actors/inspector.js, line 2955: NS_ERROR_ILLEGAL_VALUE: Component returned failure code: 0x80070057 (NS_ERROR_ILLEGAL_VALUE) [inIDeepTreeWalker.parentNode]
JavaScript error: resource://gre/modules/commonjs/toolkit/loader.js -> resource://devtools/server/actors/inspector.js, line 2955: NS_ERROR_ILLEGAL_VALUE: Component returned failure code: 0x80070057 (NS_ERROR_ILLEGAL_VALUE) [inIDeepTreeWalker.parentNode]
JavaScript error: resource://gre/modules/commonjs/toolkit/loader.js -> resource://devtools/server/actors/inspector.js, line 2955: NS_ERROR_ILLEGAL_VALUE: Component returned failure code: 0x80070057 (NS_ERROR_ILLEGAL_VALUE) [inIDeepTreeWalker.parentNode]
JavaScript error: resource://gre/modules/commonjs/toolkit/loader.js -> resource://devtools/server/actors/inspector.js, line 2955: NS_ERROR_ILLEGAL_VALUE: Component returned failure code: 0x80070057 (NS_ERROR_ILLEGAL_VALUE) [inIDeepTreeWalker.parentNode]
JavaScript error: resource://gre/modules/commonjs/toolkit/loader.js -> resource://devtools/server/actors/inspector.js, line 2955: NS_ERROR_ILLEGAL_VALUE: Component returned failure code: 0x80070057 (NS_ERROR_ILLEGAL_VALUE) [inIDeepTreeWalker.parentNode]
JavaScript error: resource://gre/modules/commonjs/toolkit/loader.js -> resource://devtools/server/actors/inspector.js, line 2955: NS_ERROR_ILLEGAL_VALUE: Component returned failure code: 0x80070057 (NS_ERROR_ILLEGAL_VALUE) [inIDeepTreeWalker.parentNode]
JavaScript error: resource://gre/modules/commonjs/toolkit/loader.js -> resource://devtools/server/actors/inspector.js, line 2955: NS_ERROR_ILLEGAL_VALUE: Component returned failure code: 0x80070057 (NS_ERROR_ILLEGAL_VALUE) [inIDeepTreeWalker.parentNode]
JavaScript error: resource://gre/modules/commonjs/toolkit/loader.js -> resource://devtools/server/actors/inspector.js, line 2955: NS_ERROR_ILLEGAL_VALUE: Component returned failure code: 0x80070057 (NS_ERROR_ILLEGAL_VALUE) [inIDeepTreeWalker.parentNode]
JavaScript error: resource://gre/modules/commonjs/toolkit/loader.js -> resource://devtools/server/actors/inspector.js, line 2955: NS_ERROR_ILLEGAL_VALUE: Component returned failure code: 0x80070057 (NS_ERROR_ILLEGAL_VALUE) [inIDeepTreeWalker.parentNode]
JavaScript error: resource://gre/modules/commonjs/toolkit/loader.js -> resource://devtools/server/actors/inspector.js, line 2955: NS_ERROR_ILLEGAL_VALUE: Component returned failure code: 0x80070057 (NS_ERROR_ILLEGAL_VALUE) [inIDeepTreeWalker.parentNode]
JavaScript error: resource://gre/modules/commonjs/toolkit/loader.js -> resource://devtools/server/actors/inspector.js, line 2955: NS_ERROR_ILLEGAL_VALUE: Component returned failure code: 0x80070057 (NS_ERROR_ILLEGAL_VALUE) [inIDeepTreeWalker.parentNode]
JavaScript error: resource://gre/modules/commonjs/toolkit/loader.js -> resource://devtools/server/actors/inspector.js, line 2955: NS_ERROR_ILLEGAL_VALUE: Component returned failure code: 0x80070057 (NS_ERROR_ILLEGAL_VALUE) [inIDeepTreeWalker.parentNode]
JavaScript error: resource://gre/modules/commonjs/toolkit/loader.js -> resource://devtools/server/actors/inspector.js, line 2955: NS_ERROR_ILLEGAL_VALUE: Component returned failure code: 0x80070057 (NS_ERROR_ILLEGAL_VALUE) [inIDeepTreeWalker.parentNode]
JavaScript error: resource://gre/modules/commonjs/toolkit/loader.js -> resource://devtools/server/actors/inspector.js, line 2955: NS_ERROR_ILLEGAL_VALUE: Component returned failure code: 0x80070057 (NS_ERROR_ILLEGAL_VALUE) [inIDeepTreeWalker.parentNode]
JavaScript error: resource://gre/modules/commonjs/toolkit/loader.js -> resource://devtools/server/actors/inspector.js, line 2955: NS_ERROR_ILLEGAL_VALUE: Component returned failure code: 0x80070057 (NS_ERROR_ILLEGAL_VALUE) [inIDeepTreeWalker.parentNode]
JavaScript error: resource://gre/modules/commonjs/toolkit/loader.js -> resource://devtools/server/actors/inspector.js, line 2955: NS_ERROR_ILLEGAL_VALUE: Component returned failure code: 0x80070057 (NS_ERROR_ILLEGAL_VALUE) [inIDeepTreeWalker.parentNode]
JavaScript error: resource://gre/modules/commonjs/toolkit/loader.js -> resource://devtools/server/actors/inspector.js, line 2955: NS_ERROR_ILLEGAL_VALUE: Component returned failure code: 0x80070057 (NS_ERROR_ILLEGAL_VALUE) [inIDeepTreeWalker.parentNode]
JavaScript error: resource://gre/modules/commonjs/toolkit/loader.js -> resource://devtools/server/actors/inspector.js, line 2955: NS_ERROR_ILLEGAL_VALUE: Component returned failure code: 0x80070057 (NS_ERROR_ILLEGAL_VALUE) [inIDeepTreeWalker.parentNode]
JavaScript error: resource://gre/modules/commonjs/toolkit/loader.js -> resource://devtools/server/actors/inspector.js, line 2955: NS_ERROR_ILLEGAL_VALUE: Component returned failure code: 0x80070057 (NS_ERROR_ILLEGAL_VALUE) [inIDeepTreeWalker.parentNode]
JavaScript error: resource://gre/modules/commonjs/toolkit/loader.js -> resource://devtools/server/actors/inspector.js, line 2955: NS_ERROR_ILLEGAL_VALUE: Component returned failure code: 0x80070057 (NS_ERROR_ILLEGAL_VALUE) [inIDeepTreeWalker.parentNode]
JavaScript error: resource://gre/modules/commonjs/toolkit/loader.js -> resource://devtools/server/actors/inspector.js, line 2955: NS_ERROR_ILLEGAL_VALUE: Component returned failure code: 0x80070057 (NS_ERROR_ILLEGAL_VALUE) [inIDeepTreeWalker.parentNode]
JavaScript error: resource://gre/modules/commonjs/toolkit/loader.js -> resource://devtools/server/actors/inspector.js, line 2955: NS_ERROR_ILLEGAL_VALUE: Component returned failure code: 0x80070057 (NS_ERROR_ILLEGAL_VALUE) [inIDeepTreeWalker.parentNode]
JavaScript error: resource://gre/modules/commonjs/toolkit/loader.js -> resource://devtools/server/actors/inspector.js, line 2955: NS_ERROR_ILLEGAL_VALUE: Component returned failure code: 0x80070057 (NS_ERROR_ILLEGAL_VALUE) [inIDeepTreeWalker.parentNode]
JavaScript error: resource://gre/modules/commonjs/toolkit/loader.js -> resource://devtools/server/actors/inspector.js, line 2955: NS_ERROR_ILLEGAL_VALUE: Component returned failure code: 0x80070057 (NS_ERROR_ILLEGAL_VALUE) [inIDeepTreeWalker.parentNode]
JavaScript error: resource://gre/modules/commonjs/toolkit/loader.js -> resource://devtools/server/actors/inspector.js, line 2955: NS_ERROR_ILLEGAL_VALUE: Component returned failure code: 0x80070057 (NS_ERROR_ILLEGAL_VALUE) [inIDeepTreeWalker.parentNode]
JavaScript error: resource://gre/modules/commonjs/toolkit/loader.js -> resource://devtools/server/actors/inspector.js, line 2955: NS_ERROR_ILLEGAL_VALUE: Component returned failure code: 0x80070057 (NS_ERROR_ILLEGAL_VALUE) [inIDeepTreeWalker.parentNode]
JavaScript error: resource://gre/modules/commonjs/toolkit/loader.js -> resource://devtools/server/actors/inspector.js, line 2955: NS_ERROR_ILLEGAL_VALUE: Component returned failure code: 0x80070057 (NS_ERROR_ILLEGAL_VALUE) [inIDeepTreeWalker.parentNode]
JavaScript error: resource://gre/modules/commonjs/toolkit/loader.js -> resource://devtools/server/actors/inspector.js, line 2955: NS_ERROR_ILLEGAL_VALUE: Component returned failure code: 0x80070057 (NS_ERROR_ILLEGAL_VALUE) [inIDeepTreeWalker.parentNode]
JavaScript error: resource://gre/modules/commonjs/toolkit/loader.js -> resource://devtools/server/actors/inspector.js, line 2955: NS_ERROR_ILLEGAL_VALUE: Component returned failure code: 0x80070057 (NS_ERROR_ILLEGAL_VALUE) [inIDeepTreeWalker.parentNode]
JavaScript error: resource://gre/modules/commonjs/toolkit/loader.js -> resource://devtools/server/actors/inspector.js, line 2955: NS_ERROR_ILLEGAL_VALUE: Component returned failure code: 0x80070057 (NS_ERROR_ILLEGAL_VALUE) [inIDeepTreeWalker.parentNode]
JavaScript error: resource://gre/modules/commonjs/toolkit/loader.js -> resource://devtools/server/actors/inspector.js, line 2955: NS_ERROR_ILLEGAL_VALUE: Component returned failure code: 0x80070057 (NS_ERROR_ILLEGAL_VALUE) [inIDeepTreeWalker.parentNode]
JavaScript error: resource://gre/modules/commonjs/toolkit/loader.js -> resource://devtools/server/actors/inspector.js, line 2955: NS_ERROR_ILLEGAL_VALUE: Component returned failure code: 0x80070057 (NS_ERROR_ILLEGAL_VALUE) [inIDeepTreeWalker.parentNode]
JavaScript error: resource://gre/modules/commonjs/toolkit/loader.js -> resource://devtools/server/actors/inspector.js, line 2955: NS_ERROR_ILLEGAL_VALUE: Component returned failure code: 0x80070057 (NS_ERROR_ILLEGAL_VALUE) [inIDeepTreeWalker.parentNode]
JavaScript error: resource://gre/modules/commonjs/toolkit/loader.js -> resource://devtools/server/actors/inspector.js, line 2955: NS_ERROR_ILLEGAL_VALUE: Component returned failure code: 0x80070057 (NS_ERROR_ILLEGAL_VALUE) [inIDeepTreeWalker.parentNode]
JavaScript error: resource://gre/modules/commonjs/toolkit/loader.js -> resource://devtools/server/actors/inspector.js, line 2955: NS_ERROR_ILLEGAL_VALUE: Component returned failure code: 0x80070057 (NS_ERROR_ILLEGAL_VALUE) [inIDeepTreeWalker.parentNode]
JavaScript error: resource://gre/modules/commonjs/toolkit/loader.js -> resource://devtools/server/actors/inspector.js, line 2955: NS_ERROR_ILLEGAL_VALUE: Component returned failure code: 0x80070057 (NS_ERROR_ILLEGAL_VALUE) [inIDeepTreeWalker.parentNode]
JavaScript error: resource://gre/modules/commonjs/toolkit/loader.js -> resource://devtools/server/actors/inspector.js, line 2955: NS_ERROR_ILLEGAL_VALUE: Component returned failure code: 0x80070057 (NS_ERROR_ILLEGAL_VALUE) [inIDeepTreeWalker.parentNode]
JavaScript error: resource://gre/modules/commonjs/toolkit/loader.js -> resource://devtools/server/actors/inspector.js, line 2955: NS_ERROR_ILLEGAL_VALUE: Component returned failure code: 0x80070057 (NS_ERROR_ILLEGAL_VALUE) [inIDeepTreeWalker.parentNode]
JavaScript error: resource://gre/modules/commonjs/toolkit/loader.js -> resource://devtools/server/actors/inspector.js, line 2955: NS_ERROR_ILLEGAL_VALUE: Component returned failure code: 0x80070057 (NS_ERROR_ILLEGAL_VALUE) [inIDeepTreeWalker.parentNode]
JavaScript error: resource://gre/modules/commonjs/toolkit/loader.js -> resource://devtools/server/actors/inspector.js, line 2955: NS_ERROR_ILLEGAL_VALUE: Component returned failure code: 0x80070057 (NS_ERROR_ILLEGAL_VALUE) [inIDeepTreeWalker.parentNode]
JavaScript error: resource://gre/modules/commonjs/toolkit/loader.js -> resource://devtools/server/actors/inspector.js, line 2955: NS_ERROR_ILLEGAL_VALUE: Component returned failure code: 0x80070057 (NS_ERROR_ILLEGAL_VALUE) [inIDeepTreeWalker.parentNode]
JavaScript error: resource://gre/modules/commonjs/toolkit/loader.js -> resource://devtools/server/actors/inspector.js, line 2955: NS_ERROR_ILLEGAL_VALUE: Component returned failure code: 0x80070057 (NS_ERROR_ILLEGAL_VALUE) [inIDeepTreeWalker.parentNode]
JavaScript error: resource://gre/modules/commonjs/toolkit/loader.js -> resource://devtools/server/actors/inspector.js, line 2955: NS_ERROR_ILLEGAL_VALUE: Component returned failure code: 0x80070057 (NS_ERROR_ILLEGAL_VALUE) [inIDeepTreeWalker.parentNode]
JavaScript error: resource://gre/modules/commonjs/toolkit/loader.js -> resource://devtools/server/actors/inspector.js, line 2955: NS_ERROR_ILLEGAL_VALUE: Component returned failure code: 0x80070057 (NS_ERROR_ILLEGAL_VALUE) [inIDeepTreeWalker.parentNode]
JavaScript error: resource://gre/modules/commonjs/toolkit/loader.js -> resource://devtools/server/actors/inspector.js, line 2955: NS_ERROR_ILLEGAL_VALUE: Component returned failure code: 0x80070057 (NS_ERROR_ILLEGAL_VALUE) [inIDeepTreeWalker.parentNode]
JavaScript error: resource://gre/modules/commonjs/toolkit/loader.js -> resource://devtools/server/actors/inspector.js, line 2955: NS_ERROR_ILLEGAL_VALUE: Component returned failure code: 0x80070057 (NS_ERROR_ILLEGAL_VALUE) [inIDeepTreeWalker.parentNode]
JavaScript error: resource://gre/modules/commonjs/toolkit/loader.js -> resource://devtools/server/actors/inspector.js, line 2955: NS_ERROR_ILLEGAL_VALUE: Component returned failure code: 0x80070057 (NS_ERROR_ILLEGAL_VALUE) [inIDeepTreeWalker.parentNode]
JavaScript error: resource://gre/modules/commonjs/toolkit/loader.js -> resource://devtools/server/actors/inspector.js, line 2955: NS_ERROR_ILLEGAL_VALUE: Component returned failure code: 0x80070057 (NS_ERROR_ILLEGAL_VALUE) [inIDeepTreeWalker.parentNode]
JavaScript error: resource://gre/modules/commonjs/toolkit/loader.js -> resource://devtools/server/actors/inspector.js, line 2955: NS_ERROR_ILLEGAL_VALUE: Component returned failure code: 0x80070057 (NS_ERROR_ILLEGAL_VALUE) [inIDeepTreeWalker.parentNode]
JavaScript error: resource://gre/modules/commonjs/toolkit/loader.js -> resource://devtools/server/actors/inspector.js, line 2955: NS_ERROR_ILLEGAL_VALUE: Component returned failure code: 0x80070057 (NS_ERROR_ILLEGAL_VALUE) [inIDeepTreeWalker.parentNode]
JavaScript error: resource://gre/modules/commonjs/toolkit/loader.js -> resource://devtools/server/actors/inspector.js, line 2955: NS_ERROR_ILLEGAL_VALUE: Component returned failure code: 0x80070057 (NS_ERROR_ILLEGAL_VALUE) [inIDeepTreeWalker.parentNode]
JavaScript error: resource://gre/modules/commonjs/toolkit/loader.js -> resource://devtools/server/actors/inspector.js, line 2955: NS_ERROR_ILLEGAL_VALUE: Component returned failure code: 0x80070057 (NS_ERROR_ILLEGAL_VALUE) [inIDeepTreeWalker.parentNode]
JavaScript error: resource://gre/modules/commonjs/toolkit/loader.js -> resource://devtools/server/actors/inspector.js, line 2955: NS_ERROR_ILLEGAL_VALUE: Component returned failure code: 0x80070057 (NS_ERROR_ILLEGAL_VALUE) [inIDeepTreeWalker.parentNode]
JavaScript error: resource://gre/modules/commonjs/toolkit/loader.js -> resource://devtools/server/actors/inspector.js, line 2955: NS_ERROR_ILLEGAL_VALUE: Component returned failure code: 0x80070057 (NS_ERROR_ILLEGAL_VALUE) [inIDeepTreeWalker.parentNode]
JavaScript error: resource://gre/modules/commonjs/toolkit/loader.js -> resource://devtools/server/actors/inspector.js, line 2955: NS_ERROR_ILLEGAL_VALUE: Component returned failure code: 0x80070057 (NS_ERROR_ILLEGAL_VALUE) [inIDeepTreeWalker.parentNode]
JavaScript error: resource://gre/modules/commonjs/toolkit/loader.js -> resource://devtools/server/actors/inspector.js, line 2955: NS_ERROR_ILLEGAL_VALUE: Component returned failure code: 0x80070057 (NS_ERROR_ILLEGAL_VALUE) [inIDeepTreeWalker.parentNode]
*************************
A coding exception was thrown and uncaught in a Task.

Full message: TypeError: NetworkError when attempting to fetch resource.
Full stack: 
*************************
JavaScript error: resource://gre/components/nsUrlClassifierListManager.js, line 287: NS_ERROR_NOT_INITIALIZED: Component returned failure code: 0xc1f30001 (NS_ERROR_NOT_INITIALIZED) [nsIUrlClassifierDBService.getTables]
JavaScript error: resource://gre/components/nsUrlClassifierListManager.js, line 287: NS_ERROR_NOT_INITIALIZED: Component returned failure code: 0xc1f30001 (NS_ERROR_NOT_INITIALIZED) [nsIUrlClassifierDBService.getTables]
1564302715003	Marionette	INFO	Ceased listening
